<?xml version="1.0" encoding="UTF-8"?>
<!-- Generated by org.testng.reporters.JUnitXMLReporter -->
<testsuite hostname="Infva06523" ignored="0" name="DependsOnExample" tests="3" failures="0" timestamp="13 Mar 2019 07:35:21 GMT" time="15.879" errors="0">
  <testcase name="f1" time="5.007" classname="Day8.dependsExample"/>
  <testcase name="f2" time="0.03" classname="Day8.dependsExample"/>
  <testcase name="f3" time="2.161" classname="Day8.dependsExample"/>
</testsuite> <!-- DependsOnExample -->
